Determining if the pthread_create exist failed with the following output:
Change Dir: /home/gsarthou/Robots/Pr2/Semantic/catkin_ws/src/resource_management/build/CMakeFiles/CMakeTmp

Run Build Command:"/usr/bin/make" "cmTC_70d81/fast"
make[1]: Entering directory '/home/gsarthou/Robots/Pr2/Semantic/catkin_ws/src/resource_management/build/CMakeFiles/CMakeTmp'
/usr/bin/make -f CMakeFiles/cmTC_70d81.dir/build.make CMakeFiles/cmTC_70d81.dir/build
make[2]: Entering directory '/home/gsarthou/Robots/Pr2/Semantic/catkin_ws/src/resource_management/build/CMakeFiles/CMakeTmp'
Building C object CMakeFiles/cmTC_70d81.dir/CheckSymbolExists.c.o
/usr/bin/cc    -o CMakeFiles/cmTC_70d81.dir/CheckSymbolExists.c.o   -c /home/gsarthou/Robots/Pr2/Semantic/catkin_ws/src/resource_management/build/CMakeFiles/CMakeTmp/CheckSymbolExists.c
Linking C executable cmTC_70d81
/usr/bin/cmake -E cmake_link_script CMakeFiles/cmTC_70d81.dir/link.txt --verbose=1
/usr/bin/cc      CMakeFiles/cmTC_70d81.dir/CheckSymbolExists.c.o  -o cmTC_70d81 
CMakeFiles/cmTC_70d81.dir/CheckSymbolExists.c.o: In function `main':
CheckSymbolExists.c:(.text+0x1b): undefined reference to `pthread_create'
collect2: error: ld returned 1 exit status
CMakeFiles/cmTC_70d81.dir/build.make:97: recipe for target 'cmTC_70d81' failed
make[2]: *** [cmTC_70d81] Error 1
make[2]: Leaving directory '/home/gsarthou/Robots/Pr2/Semantic/catkin_ws/src/resource_management/build/CMakeFiles/CMakeTmp'
Makefile:126: recipe for target 'cmTC_70d81/fast' failed
make[1]: *** [cmTC_70d81/fast] Error 2
make[1]: Leaving directory '/home/gsarthou/Robots/Pr2/Semantic/catkin_ws/src/resource_management/build/CMakeFiles/CMakeTmp'

File /home/gsarthou/Robots/Pr2/Semantic/catkin_ws/src/resource_management/build/CMakeFiles/CMakeTmp/CheckSymbolExists.c:
/* */
#include <pthread.h>

int main(int argc, char** argv)
{
  (void)argv;
#ifndef pthread_create
  return ((int*)(&pthread_create))[argc];
#else
  (void)argc;
  return 0;
#endif
}

Determining if the function pthread_create exists in the pthreads failed with the following output:
Change Dir: /home/gsarthou/Robots/Pr2/Semantic/catkin_ws/src/resource_management/build/CMakeFiles/CMakeTmp

Run Build Command:"/usr/bin/make" "cmTC_ea17e/fast"
make[1]: Entering directory '/home/gsarthou/Robots/Pr2/Semantic/catkin_ws/src/resource_management/build/CMakeFiles/CMakeTmp'
/usr/bin/make -f CMakeFiles/cmTC_ea17e.dir/build.make CMakeFiles/cmTC_ea17e.dir/build
make[2]: Entering directory '/home/gsarthou/Robots/Pr2/Semantic/catkin_ws/src/resource_management/build/CMakeFiles/CMakeTmp'
Building C object CMakeFiles/cmTC_ea17e.dir/CheckFunctionExists.c.o
/usr/bin/cc   -DCHECK_FUNCTION_EXISTS=pthread_create   -o CMakeFiles/cmTC_ea17e.dir/CheckFunctionExists.c.o   -c /usr/share/cmake-3.10/Modules/CheckFunctionExists.c
Linking C executable cmTC_ea17e
/usr/bin/cmake -E cmake_link_script CMakeFiles/cmTC_ea17e.dir/link.txt --verbose=1
/usr/bin/cc  -DCHECK_FUNCTION_EXISTS=pthread_create    CMakeFiles/cmTC_ea17e.dir/CheckFunctionExists.c.o  -o cmTC_ea17e -lpthreads 
/usr/bin/ld: cannot find -lpthreads
collect2: error: ld returned 1 exit status
CMakeFiles/cmTC_ea17e.dir/build.make:97: recipe for target 'cmTC_ea17e' failed
make[2]: *** [cmTC_ea17e] Error 1
make[2]: Leaving directory '/home/gsarthou/Robots/Pr2/Semantic/catkin_ws/src/resource_management/build/CMakeFiles/CMakeTmp'
Makefile:126: recipe for target 'cmTC_ea17e/fast' failed
make[1]: *** [cmTC_ea17e/fast] Error 2
make[1]: Leaving directory '/home/gsarthou/Robots/Pr2/Semantic/catkin_ws/src/resource_management/build/CMakeFiles/CMakeTmp'


